<?xml version="1.0" encoding="UTF-8"?>
<testng-results total="2" passed="2" failed="0" skipped="0">
  <reporter-output>
  </reporter-output>
  <suite started-at="2024-11-30T05:44:05Z" name="Test Suite for Buildout" finished-at="2024-11-30T05:46:20Z" duration-ms="134975">
    <groups>
    </groups>
    <test started-at="2024-11-30T05:44:05Z" name="Test Cases for Buildout" finished-at="2024-11-30T05:46:20Z" duration-ms="134975">
      <class name="demo.TestCases">
        <test-method is-config="true" signature="startBrowser()[pri:0, instance:demo.TestCases@64a8c844]" started-at="2024-11-30T11:14:05Z" name="startBrowser" finished-at="2024-11-30T11:14:14Z" duration-ms="8723" status="PASS">
          <reporter-output>
          </reporter-output>
        </test-method> <!-- startBrowser -->
        <test-method signature="testCase01()[pri:1, instance:demo.TestCases@64a8c844]" started-at="2024-11-30T11:14:14Z" name="testCase01" finished-at="2024-11-30T11:14:56Z" duration-ms="42150" status="PASS">
          <reporter-output>
          </reporter-output>
        </test-method> <!-- testCase01 -->
        <test-method signature="testCase02()[pri:2, instance:demo.TestCases@64a8c844]" started-at="2024-11-30T11:14:56Z" name="testCase02" finished-at="2024-11-30T11:16:19Z" duration-ms="83105" status="PASS">
          <reporter-output>
          </reporter-output>
        </test-method> <!-- testCase02 -->
        <test-method is-config="true" signature="endTest()[pri:0, instance:demo.TestCases@64a8c844]" started-at="2024-11-30T11:16:19Z" name="endTest" finished-at="2024-11-30T11:16:20Z" duration-ms="978" status="PASS">
          <reporter-output>
          </reporter-output>
        </test-method> <!-- endTest -->
      </class> <!-- demo.TestCases -->
    </test> <!-- Test Cases for Buildout -->
  </suite> <!-- Test Suite for Buildout -->
</testng-results>
